app/build/intermediates/manifest_merge_blame_file/debug/processDebugMainManifest/manifest-merger-blame-debug-report.txt
1<?xml version="1.0" encoding="utf-8"?>
2<manifest xmlns:android="http://schemas.android.com/apk/res/android"
3    package="com.qrzen.app"
4    android:versionCode="1"
5    android:versionName="1.0.0" >
6
7    <uses-sdk
8        android:minSdkVersion="26"
9        android:targetSdkVersion="35" />
10
11    <!-- Allow queryIntentActivities to see all launcher apps (Android 11+) -->
12    <queries>
12-->src/main/AndroidManifest.xml:6:5-11:15
13        <intent>
13-->src/main/AndroidManifest.xml:7:9-10:18
14            <action android:name="android.intent.action.MAIN" />
14-->src/main/AndroidManifest.xml:8:13-65
14-->src/main/AndroidManifest.xml:8:21-62
15
16            <category android:name="android.intent.category.LAUNCHER" />
16-->src/main/AndroidManifest.xml:9:13-73
16-->src/main/AndroidManifest.xml:9:23-70
17        </intent>
18    </queries>
19
20    <!-- ─── Permissions ─────────────────────────────────────────────────── -->
21    <uses-permission android:name="android.permission.RECEIVE_BOOT_COMPLETED" />
21-->src/main/AndroidManifest.xml:14:5-81
21-->src/main/AndroidManifest.xml:14:22-78
22    <uses-permission android:name="android.permission.FOREGROUND_SERVICE" />
22-->src/main/AndroidManifest.xml:15:5-77
22-->src/main/AndroidManifest.xml:15:22-74
23    <uses-permission android:name="android.permission.FOREGROUND_SERVICE_SPECIAL_USE" />
23-->src/main/AndroidManifest.xml:16:5-89
23-->src/main/AndroidManifest.xml:16:22-86
24    <uses-permission android:name="android.permission.SYSTEM_ALERT_WINDOW" />
24-->src/main/AndroidManifest.xml:17:5-78
24-->src/main/AndroidManifest.xml:17:22-75
25    <uses-permission android:name="android.permission.WAKE_LOCK" />
25-->src/main/AndroidManifest.xml:18:5-68
25-->src/main/AndroidManifest.xml:18:22-65
26    <uses-permission android:name="android.permission.VIBRATE" />
26-->src/main/AndroidManifest.xml:19:5-66
26-->src/main/AndroidManifest.xml:19:22-63
27    <uses-permission android:name="android.permission.CAMERA" />
27-->src/main/AndroidManifest.xml:20:5-65
27-->src/main/AndroidManifest.xml:20:22-62
28    <uses-permission android:name="android.permission.ACCESS_NOTIFICATION_POLICY" />
28-->src/main/AndroidManifest.xml:21:5-85
28-->src/main/AndroidManifest.xml:21:22-82
29    <uses-permission android:name="android.permission.SCHEDULE_EXACT_ALARM" />
29-->src/main/AndroidManifest.xml:22:5-79
29-->src/main/AndroidManifest.xml:22:22-76
30    <uses-permission android:name="android.permission.PACKAGE_USAGE_STATS" />
30-->src/main/AndroidManifest.xml:23:5-24:47
30-->src/main/AndroidManifest.xml:23:22-75
31    <uses-permission android:name="android.permission.REQUEST_IGNORE_BATTERY_OPTIMIZATIONS" />
31-->src/main/AndroidManifest.xml:25:5-95
31-->src/main/AndroidManifest.xml:25:22-92
32    <uses-permission
32-->src/main/AndroidManifest.xml:26:5-28:38
33        android:name="android.permission.WRITE_EXTERNAL_STORAGE"
33-->src/main/AndroidManifest.xml:27:9-65
34        android:maxSdkVersion="28" />
34-->src/main/AndroidManifest.xml:28:9-35
35    <uses-permission android:name="android.permission.POST_NOTIFICATIONS" />
35-->src/main/AndroidManifest.xml:29:5-77
35-->src/main/AndroidManifest.xml:29:22-74
36    <uses-permission android:name="android.permission.FLASHLIGHT" />
36-->[com.github.jenly1314:zxing-lite:2.4.0] AndroidManifest.xml:9:5-69
36-->[com.github.jenly1314:zxing-lite:2.4.0] AndroidManifest.xml:9:22-66
37    <uses-permission android:name="android.permission.ACCESS_NETWORK_STATE" />
37-->[androidx.work:work-runtime:2.10.0] AndroidManifest.xml:24:5-79
37-->[androidx.work:work-runtime:2.10.0] AndroidManifest.xml:24:22-76
38
39    <permission
39-->[androidx.core:core:1.13.1] AndroidManifest.xml:22:5-24:47
40        android:name="com.qrzen.app.DYNAMIC_RECEIVER_NOT_EXPORTED_PERMISSION"
40-->[androidx.core:core:1.13.1] AndroidManifest.xml:23:9-81
41        android:protectionLevel="signature" />
41-->[androidx.core:core:1.13.1] AndroidManifest.xml:24:9-44
42
43    <uses-permission android:name="com.qrzen.app.DYNAMIC_RECEIVER_NOT_EXPORTED_PERMISSION" />
43-->[androidx.core:core:1.13.1] AndroidManifest.xml:26:5-97
43-->[androidx.core:core:1.13.1] AndroidManifest.xml:26:22-94
44
45    <application
45-->src/main/AndroidManifest.xml:31:5-295:19
46        android:name="com.qrzen.app.QrZenApp"
46-->src/main/AndroidManifest.xml:32:9-33
47        android:allowBackup="false"
47-->src/main/AndroidManifest.xml:33:9-36
48        android:appComponentFactory="androidx.core.app.CoreComponentFactory"
48-->[androidx.core:core:1.13.1] AndroidManifest.xml:28:18-86
49        android:debuggable="true"
50        android:extractNativeLibs="false"
51        android:hardwareAccelerated="true"
51-->src/main/AndroidManifest.xml:34:9-43
52        android:icon="@mipmap/ic_launcher"
52-->src/main/AndroidManifest.xml:35:9-43
53        android:label="@string/app_name"
53-->src/main/AndroidManifest.xml:36:9-41
54        android:roundIcon="@mipmap/ic_launcher_round"
54-->src/main/AndroidManifest.xml:37:9-54
55        android:supportsRtl="true"
55-->src/main/AndroidManifest.xml:38:9-35
56        android:theme="@style/Theme.QrZen"
56-->src/main/AndroidManifest.xml:39:9-43
57        android:usesCleartextTraffic="false" >
57-->src/main/AndroidManifest.xml:40:9-45
58
59        <!-- ─── Activities ──────────────────────────────────────────────── -->
60        <activity
60-->src/main/AndroidManifest.xml:43:9-51:20
61            android:name="com.qrzen.app.ui.SplashActivity"
61-->src/main/AndroidManifest.xml:44:13-46
62            android:exported="true"
62-->src/main/AndroidManifest.xml:45:13-36
63            android:theme="@style/Theme.QrZen" >
63-->src/main/AndroidManifest.xml:46:13-47
64            <intent-filter>
64-->src/main/AndroidManifest.xml:47:13-50:29
65                <action android:name="android.intent.action.MAIN" />
65-->src/main/AndroidManifest.xml:8:13-65
65-->src/main/AndroidManifest.xml:8:21-62
66
67                <category android:name="android.intent.category.LAUNCHER" />
67-->src/main/AndroidManifest.xml:9:13-73
67-->src/main/AndroidManifest.xml:9:23-70
68            </intent-filter>
69        </activity>
70        <activity
70-->src/main/AndroidManifest.xml:53:9-55:40
71            android:name="com.qrzen.app.ui.permission.PermissionActivity"
71-->src/main/AndroidManifest.xml:54:13-61
72            android:exported="false" />
72-->src/main/AndroidManifest.xml:55:13-37
73        <activity
73-->src/main/AndroidManifest.xml:57:9-60:47
74            android:name="com.qrzen.app.ui.main.MainActivity"
74-->src/main/AndroidManifest.xml:58:13-49
75            android:exported="false"
75-->src/main/AndroidManifest.xml:59:13-37
76            android:launchMode="singleTask" />
76-->src/main/AndroidManifest.xml:60:13-44
77        <activity
77-->src/main/AndroidManifest.xml:62:9-69:55
78            android:name="com.qrzen.app.ui.lock.LockScreenActivity"
78-->src/main/AndroidManifest.xml:63:13-55
79            android:excludeFromRecents="true"
79-->src/main/AndroidManifest.xml:66:13-46
80            android:exported="false"
80-->src/main/AndroidManifest.xml:64:13-37
81            android:launchMode="singleInstance"
81-->src/main/AndroidManifest.xml:65:13-48
82            android:showWhenLocked="true"
82-->src/main/AndroidManifest.xml:67:13-42
83            android:theme="@style/Theme.QrZen.Lock"
83-->src/main/AndroidManifest.xml:69:13-52
84            android:turnScreenOn="true" />
84-->src/main/AndroidManifest.xml:68:13-40
85        <activity
85-->src/main/AndroidManifest.xml:71:9-73:40
86            android:name="com.qrzen.app.ui.lock.QrScanActivity"
86-->src/main/AndroidManifest.xml:72:13-51
87            android:exported="false" />
87-->src/main/AndroidManifest.xml:73:13-37
88        <activity
88-->src/main/AndroidManifest.xml:75:9-78:55
89            android:name="com.qrzen.app.ui.unlock.UnlockChallengeActivity"
89-->src/main/AndroidManifest.xml:76:13-62
90            android:exported="false"
90-->src/main/AndroidManifest.xml:77:13-37
91            android:theme="@style/Theme.QrZen.Lock" />
91-->src/main/AndroidManifest.xml:78:13-52
92        <activity
92-->src/main/AndroidManifest.xml:80:9-83:58
93            android:name="com.qrzen.app.ui.block.EditBlockActivity"
93-->src/main/AndroidManifest.xml:81:13-55
94            android:exported="false"
94-->src/main/AndroidManifest.xml:82:13-37
95            android:windowSoftInputMode="adjustResize" />
95-->src/main/AndroidManifest.xml:83:13-55
96        <activity
96-->src/main/AndroidManifest.xml:85:9-87:40
97            android:name="com.qrzen.app.ui.block.AppPickerActivity"
97-->src/main/AndroidManifest.xml:86:13-55
98            android:exported="false" />
98-->src/main/AndroidManifest.xml:87:13-37
99        <activity
99-->src/main/AndroidManifest.xml:89:9-94:55
100            android:name="com.qrzen.app.ui.allowlist.AllowlistOverlayActivity"
100-->src/main/AndroidManifest.xml:90:13-66
101            android:excludeFromRecents="true"
101-->src/main/AndroidManifest.xml:93:13-46
102            android:exported="false"
102-->src/main/AndroidManifest.xml:91:13-37
103            android:launchMode="singleInstance"
103-->src/main/AndroidManifest.xml:92:13-48
104            android:theme="@style/Theme.QrZen.Lock" />
104-->src/main/AndroidManifest.xml:94:13-52
105        <activity
105-->src/main/AndroidManifest.xml:96:9-99:46
106            android:name="com.qrzen.app.ui.pomodoro.PomodoroActivity"
106-->src/main/AndroidManifest.xml:97:13-57
107            android:exported="false"
107-->src/main/AndroidManifest.xml:98:13-37
108            android:launchMode="singleTop" />
108-->src/main/AndroidManifest.xml:99:13-43
109
110        <!-- 1px survival activity: brings process to foreground silently -->
111        <activity
111-->src/main/AndroidManifest.xml:102:9-108:56
112            android:name="com.qrzen.app.ui.StartApp1PxActivity"
112-->src/main/AndroidManifest.xml:103:13-51
113            android:excludeFromRecents="true"
113-->src/main/AndroidManifest.xml:105:13-46
114            android:exported="false"
114-->src/main/AndroidManifest.xml:104:13-37
115            android:finishOnTaskLaunch="true"
115-->src/main/AndroidManifest.xml:106:13-46
116            android:launchMode="singleInstance"
116-->src/main/AndroidManifest.xml:107:13-48
117            android:theme="@style/Theme.Transparent" />
117-->src/main/AndroidManifest.xml:108:13-53
118
119        <!-- ─── Services ────────────────────────────────────────────────── -->
120        <service
120-->src/main/AndroidManifest.xml:111:9-120:19
121            android:name="com.qrzen.app.service.BackgroundService"
121-->src/main/AndroidManifest.xml:112:13-54
122            android:enabled="true"
122-->src/main/AndroidManifest.xml:113:13-35
123            android:exported="false"
123-->src/main/AndroidManifest.xml:114:13-37
124            android:foregroundServiceType="specialUse"
124-->src/main/AndroidManifest.xml:115:13-55
125            android:stopWithTask="false" >
125-->src/main/AndroidManifest.xml:116:13-41
126            <property
126-->src/main/AndroidManifest.xml:117:13-119:58
127                android:name="android.app.PROPERTY_SPECIAL_USE_FGS_SUBTYPE"
127-->src/main/AndroidManifest.xml:118:17-76
128                android:value="app_blocker_keep_alive" />
128-->src/main/AndroidManifest.xml:119:17-55
129        </service>
130        <service
130-->src/main/AndroidManifest.xml:122:9-133:19
131            android:name="com.qrzen.app.service.BlockAccessibilityService"
131-->src/main/AndroidManifest.xml:123:13-62
132            android:enabled="true"
132-->src/main/AndroidManifest.xml:124:13-35
133            android:exported="true"
133-->src/main/AndroidManifest.xml:125:13-36
134            android:permission="android.permission.BIND_ACCESSIBILITY_SERVICE" >
134-->src/main/AndroidManifest.xml:126:13-79
135            <intent-filter>
135-->src/main/AndroidManifest.xml:127:13-129:29
136                <action android:name="android.accessibilityservice.AccessibilityService" />
136-->src/main/AndroidManifest.xml:128:17-92
136-->src/main/AndroidManifest.xml:128:25-89
137            </intent-filter>
138
139            <meta-data
139-->src/main/AndroidManifest.xml:130:13-132:65
140                android:name="android.accessibilityservice"
140-->src/main/AndroidManifest.xml:131:17-60
141                android:resource="@xml/accessibility_service" />
141-->src/main/AndroidManifest.xml:132:17-62
142        </service>
143        <service
143-->src/main/AndroidManifest.xml:135:9-146:19
144            android:name="com.qrzen.app.service.QrZenNotificationListener"
144-->src/main/AndroidManifest.xml:136:13-62
145            android:enabled="true"
145-->src/main/AndroidManifest.xml:137:13-35
146            android:exported="true"
146-->src/main/AndroidManifest.xml:138:13-36
147            android:permission="android.permission.BIND_NOTIFICATION_LISTENER_SERVICE" >
147-->src/main/AndroidManifest.xml:139:13-87
148            <intent-filter>
148-->src/main/AndroidManifest.xml:140:13-142:29
149                <action android:name="android.service.notification.NotificationListenerService" />
149-->src/main/AndroidManifest.xml:141:17-99
149-->src/main/AndroidManifest.xml:141:25-96
150            </intent-filter>
151
152            <meta-data
152-->src/main/AndroidManifest.xml:143:13-145:65
153                android:name="android.service.notification"
153-->src/main/AndroidManifest.xml:144:17-60
154                android:resource="@xml/notification_listener" />
154-->src/main/AndroidManifest.xml:145:17-62
155        </service>
156        <service
156-->src/main/AndroidManifest.xml:148:9-159:19
157            android:name="com.qrzen.app.wallpaper.QrZenWallpaper"
157-->src/main/AndroidManifest.xml:149:13-53
158            android:enabled="true"
158-->src/main/AndroidManifest.xml:150:13-35
159            android:exported="true"
159-->src/main/AndroidManifest.xml:151:13-36
160            android:permission="android.permission.BIND_WALLPAPER" >
160-->src/main/AndroidManifest.xml:152:13-67
161            <intent-filter>
161-->src/main/AndroidManifest.xml:153:13-155:29
162                <action android:name="android.service.wallpaper.WallpaperService" />
162-->src/main/AndroidManifest.xml:154:17-85
162-->src/main/AndroidManifest.xml:154:25-82
163            </intent-filter>
164
165            <meta-data
165-->src/main/AndroidManifest.xml:156:13-158:53
166                android:name="android.service.wallpaper"
166-->src/main/AndroidManifest.xml:157:17-57
167                android:resource="@xml/wallpaper" />
167-->src/main/AndroidManifest.xml:158:17-50
168        </service>
169
170        <!-- ─── Broadcast Receivers ─────────────────────────────────────── -->
171        <!--
172            25-broadcast RebootReceiver at MAX priority.
173            This is the primary ultra-battery-saver survival mechanism:
174            we listen to every possible system broadcast so the service
175            is restarted as quickly as possible after any system event.
176        -->
177        <receiver
177-->src/main/AndroidManifest.xml:168:9-199:20
178            android:name="com.qrzen.app.receiver.RebootReceiver"
178-->src/main/AndroidManifest.xml:169:13-52
179            android:enabled="true"
179-->src/main/AndroidManifest.xml:170:13-35
180            android:exported="false" >
180-->src/main/AndroidManifest.xml:171:13-37
181            <intent-filter android:priority="2147483647" >
181-->src/main/AndroidManifest.xml:172:13-198:29
181-->src/main/AndroidManifest.xml:172:28-57
182                <action android:name="android.intent.action.BOOT_COMPLETED" />
182-->src/main/AndroidManifest.xml:173:17-79
182-->src/main/AndroidManifest.xml:173:25-76
183                <action android:name="android.intent.action.LOCKED_BOOT_COMPLETED" />
183-->src/main/AndroidManifest.xml:174:17-86
183-->src/main/AndroidManifest.xml:174:25-83
184                <action android:name="android.intent.action.QUICKBOOT_POWERON" />
184-->src/main/AndroidManifest.xml:175:17-82
184-->src/main/AndroidManifest.xml:175:25-79
185                <action android:name="android.intent.action.MY_PACKAGE_REPLACED" />
185-->src/main/AndroidManifest.xml:176:17-84
185-->src/main/AndroidManifest.xml:176:25-81
186                <action android:name="android.intent.action.PACKAGE_REPLACED" />
186-->src/main/AndroidManifest.xml:177:17-81
186-->src/main/AndroidManifest.xml:177:25-78
187                <action android:name="android.intent.action.EXTERNAL_APPLICATIONS_AVAILABLE" />
187-->src/main/AndroidManifest.xml:178:17-96
187-->src/main/AndroidManifest.xml:178:25-93
188                <action android:name="android.intent.action.SCREEN_ON" />
188-->src/main/AndroidManifest.xml:179:17-74
188-->src/main/AndroidManifest.xml:179:25-71
189                <action android:name="android.intent.action.SCREEN_OFF" />
189-->src/main/AndroidManifest.xml:180:17-75
189-->src/main/AndroidManifest.xml:180:25-72
190                <action android:name="android.intent.action.USER_PRESENT" />
190-->src/main/AndroidManifest.xml:181:17-77
190-->src/main/AndroidManifest.xml:181:25-74
191                <action android:name="android.intent.action.TIME_TICK" />
191-->src/main/AndroidManifest.xml:182:17-74
191-->src/main/AndroidManifest.xml:182:25-71
192                <action android:name="android.intent.action.TIME_SET" />
192-->src/main/AndroidManifest.xml:183:17-73
192-->src/main/AndroidManifest.xml:183:25-70
193                <action android:name="android.intent.action.TIMEZONE_CHANGED" />
193-->src/main/AndroidManifest.xml:184:17-81
193-->src/main/AndroidManifest.xml:184:25-78
194                <action android:name="android.intent.action.DATE_CHANGED" />
194-->src/main/AndroidManifest.xml:185:17-77
194-->src/main/AndroidManifest.xml:185:25-74
195                <action android:name="android.intent.action.DREAMING_STARTED" />
195-->src/main/AndroidManifest.xml:186:17-81
195-->src/main/AndroidManifest.xml:186:25-78
196                <action android:name="android.intent.action.DREAMING_STOPPED" />
196-->src/main/AndroidManifest.xml:187:17-81
196-->src/main/AndroidManifest.xml:187:25-78
197                <action android:name="android.intent.action.DOCK_EVENT" />
197-->src/main/AndroidManifest.xml:188:17-75
197-->src/main/AndroidManifest.xml:188:25-72
198                <action android:name="android.intent.action.BATTERY_OKAY" />
198-->src/main/AndroidManifest.xml:189:17-77
198-->src/main/AndroidManifest.xml:189:25-74
199                <action android:name="android.intent.action.BATTERY_LOW" />
199-->src/main/AndroidManifest.xml:190:17-76
199-->src/main/AndroidManifest.xml:190:25-73
200                <action android:name="android.intent.action.ACTION_POWER_CONNECTED" />
200-->src/main/AndroidManifest.xml:191:17-87
200-->src/main/AndroidManifest.xml:191:25-84
201                <action android:name="android.intent.action.ACTION_POWER_DISCONNECTED" />
201-->src/main/AndroidManifest.xml:192:17-90
201-->src/main/AndroidManifest.xml:192:25-87
202                <action android:name="android.intent.action.DEVICE_STORAGE_LOW" />
202-->src/main/AndroidManifest.xml:193:17-83
202-->src/main/AndroidManifest.xml:193:25-80
203                <action android:name="android.intent.action.DEVICE_STORAGE_OK" />
203-->src/main/AndroidManifest.xml:194:17-82
203-->src/main/AndroidManifest.xml:194:25-79
204                <action android:name="android.intent.action.INPUT_METHOD_CHANGED" />
204-->src/main/AndroidManifest.xml:195:17-85
204-->src/main/AndroidManifest.xml:195:25-82
205                <action android:name="android.intent.action.LOCALE_CHANGED" />
205-->src/main/AndroidManifest.xml:196:17-79
205-->src/main/AndroidManifest.xml:196:25-76
206                <action android:name="android.intent.action.CONFIGURATION_CHANGED" />
206-->src/main/AndroidManifest.xml:197:17-86
206-->src/main/AndroidManifest.xml:197:25-83
207            </intent-filter>
208        </receiver>
209        <receiver
209-->src/main/AndroidManifest.xml:201:9-207:20
210            android:name="com.qrzen.app.receiver.PowerSaveReceiver"
210-->src/main/AndroidManifest.xml:202:13-55
211            android:exported="true" >
211-->src/main/AndroidManifest.xml:203:13-36
212            <intent-filter>
212-->src/main/AndroidManifest.xml:204:13-206:29
213                <action android:name="android.os.action.POWER_SAVE_MODE_CHANGED" />
213-->src/main/AndroidManifest.xml:205:17-84
213-->src/main/AndroidManifest.xml:205:25-81
214            </intent-filter>
215        </receiver>
216        <receiver
216-->src/main/AndroidManifest.xml:209:9-211:40
217            android:name="com.qrzen.app.receiver.AlarmKeepaliveReceiver"
217-->src/main/AndroidManifest.xml:210:13-60
218            android:exported="false" />
218-->src/main/AndroidManifest.xml:211:13-37
219        <receiver
219-->src/main/AndroidManifest.xml:213:9-224:20
220            android:name="com.qrzen.app.admin.QrZenDeviceAdmin"
220-->src/main/AndroidManifest.xml:214:13-51
221            android:enabled="true"
221-->src/main/AndroidManifest.xml:215:13-35
222            android:exported="true"
222-->src/main/AndroidManifest.xml:216:13-36
223            android:permission="android.permission.BIND_DEVICE_ADMIN" >
223-->src/main/AndroidManifest.xml:217:13-70
224            <meta-data
224-->src/main/AndroidManifest.xml:218:13-220:56
225                android:name="android.app.device_admin"
225-->src/main/AndroidManifest.xml:219:17-56
226                android:resource="@xml/device_admin" />
226-->src/main/AndroidManifest.xml:220:17-53
227
228            <intent-filter>
228-->src/main/AndroidManifest.xml:221:13-223:29
229                <action android:name="android.app.action.DEVICE_ADMIN_ENABLED" />
229-->src/main/AndroidManifest.xml:222:17-82
229-->src/main/AndroidManifest.xml:222:25-79
230            </intent-filter>
231        </receiver>
232
233        <!-- Widgets -->
234        <receiver
234-->src/main/AndroidManifest.xml:227:9-236:20
235            android:name="com.qrzen.app.widget.Widget1x1Provider"
235-->src/main/AndroidManifest.xml:228:13-53
236            android:exported="true" >
236-->src/main/AndroidManifest.xml:229:13-36
237            <intent-filter>
237-->src/main/AndroidManifest.xml:230:13-232:29
238                <action android:name="android.appwidget.action.APPWIDGET_UPDATE" />
238-->src/main/AndroidManifest.xml:231:17-84
238-->src/main/AndroidManifest.xml:231:25-81
239            </intent-filter>
240
241            <meta-data
241-->src/main/AndroidManifest.xml:233:13-235:57
242                android:name="android.appwidget.provider"
242-->src/main/AndroidManifest.xml:234:17-58
243                android:resource="@xml/appwidget_1x1" />
243-->src/main/AndroidManifest.xml:235:17-54
244        </receiver>
245        <receiver
245-->src/main/AndroidManifest.xml:238:9-247:20
246            android:name="com.qrzen.app.widget.Widget2x1Provider"
246-->src/main/AndroidManifest.xml:239:13-53
247            android:exported="true" >
247-->src/main/AndroidManifest.xml:240:13-36
248            <intent-filter>
248-->src/main/AndroidManifest.xml:230:13-232:29
249                <action android:name="android.appwidget.action.APPWIDGET_UPDATE" />
249-->src/main/AndroidManifest.xml:231:17-84
249-->src/main/AndroidManifest.xml:231:25-81
250            </intent-filter>
251
252            <meta-data
252-->src/main/AndroidManifest.xml:233:13-235:57
253                android:name="android.appwidget.provider"
253-->src/main/AndroidManifest.xml:234:17-58
254                android:resource="@xml/appwidget_2x1" />
254-->src/main/AndroidManifest.xml:235:17-54
255        </receiver>
256        <receiver
256-->src/main/AndroidManifest.xml:249:9-258:20
257            android:name="com.qrzen.app.widget.Widget4x1Provider"
257-->src/main/AndroidManifest.xml:250:13-53
258            android:exported="true" >
258-->src/main/AndroidManifest.xml:251:13-36
259            <intent-filter>
259-->src/main/AndroidManifest.xml:230:13-232:29
260                <action android:name="android.appwidget.action.APPWIDGET_UPDATE" />
260-->src/main/AndroidManifest.xml:231:17-84
260-->src/main/AndroidManifest.xml:231:25-81
261            </intent-filter>
262
263            <meta-data
263-->src/main/AndroidManifest.xml:233:13-235:57
264                android:name="android.appwidget.provider"
264-->src/main/AndroidManifest.xml:234:17-58
265                android:resource="@xml/appwidget_4x1" />
265-->src/main/AndroidManifest.xml:235:17-54
266        </receiver>
267        <receiver
267-->src/main/AndroidManifest.xml:260:9-269:20
268            android:name="com.qrzen.app.widget.Widget4x2Provider"
268-->src/main/AndroidManifest.xml:261:13-53
269            android:exported="true" >
269-->src/main/AndroidManifest.xml:262:13-36
270            <intent-filter>
270-->src/main/AndroidManifest.xml:230:13-232:29
271                <action android:name="android.appwidget.action.APPWIDGET_UPDATE" />
271-->src/main/AndroidManifest.xml:231:17-84
271-->src/main/AndroidManifest.xml:231:25-81
272            </intent-filter>
273
274            <meta-data
274-->src/main/AndroidManifest.xml:233:13-235:57
275                android:name="android.appwidget.provider"
275-->src/main/AndroidManifest.xml:234:17-58
276                android:resource="@xml/appwidget_4x2" />
276-->src/main/AndroidManifest.xml:235:17-54
277        </receiver>
278
279        <!-- FileProvider for sharing QR code images -->
280        <provider
281            android:name="androidx.core.content.FileProvider"
281-->src/main/AndroidManifest.xml:273:13-62
282            android:authorities="com.qrzen.app.fileprovider"
282-->src/main/AndroidManifest.xml:274:13-64
283            android:exported="false"
283-->src/main/AndroidManifest.xml:275:13-37
284            android:grantUriPermissions="true" >
284-->src/main/AndroidManifest.xml:276:13-47
285            <meta-data
285-->src/main/AndroidManifest.xml:277:13-279:54
286                android:name="android.support.FILE_PROVIDER_PATHS"
286-->src/main/AndroidManifest.xml:278:17-67
287                android:resource="@xml/file_paths" />
287-->src/main/AndroidManifest.xml:279:17-51
288        </provider>
289
290        <!-- ─── Content Provider ────────────────────────────────────────── -->
291        <!--
292            initOrder=100 ensures this ContentProvider is initialized BEFORE
293            Application.onCreate(). Combined with the RebootReceiver, this is
294            the second key ultra-battery-saver survival mechanism.
295        -->
296        <provider
297            android:name="com.qrzen.app.provider.StartupContentProvider"
297-->src/main/AndroidManifest.xml:289:13-60
298            android:authorities="com.qrzen.app.startup"
298-->src/main/AndroidManifest.xml:290:13-59
299            android:enabled="true"
299-->src/main/AndroidManifest.xml:291:13-35
300            android:exported="false"
300-->src/main/AndroidManifest.xml:292:13-37
301            android:initOrder="100" />
301-->src/main/AndroidManifest.xml:293:13-36
302        <provider
302-->[androidx.emoji2:emoji2:1.3.0] AndroidManifest.xml:24:9-32:20
303            android:name="androidx.startup.InitializationProvider"
303-->[androidx.emoji2:emoji2:1.3.0] AndroidManifest.xml:25:13-67
304            android:authorities="com.qrzen.app.androidx-startup"
304-->[androidx.emoji2:emoji2:1.3.0] AndroidManifest.xml:26:13-68
305            android:exported="false" >
305-->[androidx.emoji2:emoji2:1.3.0] AndroidManifest.xml:27:13-37
306            <meta-data
306-->[androidx.emoji2:emoji2:1.3.0] AndroidManifest.xml:29:13-31:52
307                android:name="androidx.emoji2.text.EmojiCompatInitializer"
307-->[androidx.emoji2:emoji2:1.3.0] AndroidManifest.xml:30:17-75
308                android:value="androidx.startup" />
308-->[androidx.emoji2:emoji2:1.3.0] AndroidManifest.xml:31:17-49
309            <meta-data
309-->[androidx.work:work-runtime:2.10.0] AndroidManifest.xml:34:13-36:52
310                android:name="androidx.work.WorkManagerInitializer"
310-->[androidx.work:work-runtime:2.10.0] AndroidManifest.xml:35:17-68
311                android:value="androidx.startup" />
311-->[androidx.work:work-runtime:2.10.0] AndroidManifest.xml:36:17-49
312            <meta-data
312-->[androidx.lifecycle:lifecycle-process:2.8.7] AndroidManifest.xml:29:13-31:52
313                android:name="androidx.lifecycle.ProcessLifecycleInitializer"
313-->[androidx.lifecycle:lifecycle-process:2.8.7] AndroidManifest.xml:30:17-78
314                android:value="androidx.startup" />
314-->[androidx.lifecycle:lifecycle-process:2.8.7] AndroidManifest.xml:31:17-49
315            <meta-data
315-->[androidx.profileinstaller:profileinstaller:1.4.0] AndroidManifest.xml:29:13-31:52
316                android:name="androidx.profileinstaller.ProfileInstallerInitializer"
316-->[androidx.profileinstaller:profileinstaller:1.4.0] AndroidManifest.xml:30:17-85
317                android:value="androidx.startup" />
317-->[androidx.profileinstaller:profileinstaller:1.4.0] AndroidManifest.xml:31:17-49
318        </provider>
319
320        <service
320-->[androidx.camera:camera-camera2:1.2.1] AndroidManifest.xml:24:9-33:19
321            android:name="androidx.camera.core.impl.MetadataHolderService"
321-->[androidx.camera:camera-camera2:1.2.1] AndroidManifest.xml:25:13-75
322            android:enabled="false"
322-->[androidx.camera:camera-camera2:1.2.1] AndroidManifest.xml:26:13-36
323            android:exported="false" >
323-->[androidx.camera:camera-camera2:1.2.1] AndroidManifest.xml:27:13-37
324            <meta-data
324-->[androidx.camera:camera-camera2:1.2.1] AndroidManifest.xml:30:13-32:89
325                android:name="androidx.camera.core.impl.MetadataHolderService.DEFAULT_CONFIG_PROVIDER"
325-->[androidx.camera:camera-camera2:1.2.1] AndroidManifest.xml:31:17-103
326                android:value="androidx.camera.camera2.Camera2Config$DefaultProvider" />